[2026-07-06T04:12:30.408694+00:00] WEB_SEARCH engine=Sogou Weixin query='公众号 爆款 选题' url=https://weixin.sogou.com/weixin?type=2&query=%E5%85%AC%E4%BC%97%E5%8F%B7+%E7%88%86%E6%AC%BE+%E9%80%89%E9%A2%98
[2026-07-06T04:12:30.409773+00:00] WEB_SEARCH engine=DuckDuckGo HTML query='公众号 爆款 选题' url=https://html.duckduckgo.com/html/?q=%E5%85%AC%E4%BC%97%E5%8F%B7+%E7%88%86%E6%AC%BE+%E9%80%89%E9%A2%98&kl=cn-zh
[2026-07-06T04:12:30.410261+00:00] WEB_SEARCH engine=DuckDuckGo Lite query='公众号 爆款 选题' url=https://lite.duckduckgo.com/lite/?q=%E5%85%AC%E4%BC%97%E5%8F%B7+%E7%88%86%E6%AC%BE+%E9%80%89%E9%A2%98&kl=cn-zh
[2026-07-06T04:12:30.413258+00:00] WEB_SEARCH engine=Bing query='公众号 爆款 选题' url=https://www.bing.com/search?q=%E5%85%AC%E4%BC%97%E5%8F%B7+%E7%88%86%E6%AC%BE+%E9%80%89%E9%A2%98&setlang=zh-CN
[2026-07-06T04:12:30.413600+00:00] WEB_SEARCH engine=Baidu query='公众号 爆款 选题' url=https://www.baidu.com/s?wd=%E5%85%AC%E4%BC%97%E5%8F%B7+%E7%88%86%E6%AC%BE+%E9%80%89%E9%A2%98
[2026-07-06T04:14:21.529107+00:00] WEB_SEARCH engine=Sogou Weixin query='公众号 爆款 选题' url=https://weixin.sogou.com/weixin?type=2&query=%E5%85%AC%E4%BC%97%E5%8F%B7+%E7%88%86%E6%AC%BE+%E9%80%89%E9%A2%98
[2026-07-06T04:14:21.529986+00:00] WEB_SEARCH engine=DuckDuckGo HTML query='公众号 爆款 选题' url=https://html.duckduckgo.com/html/?q=%E5%85%AC%E4%BC%97%E5%8F%B7+%E7%88%86%E6%AC%BE+%E9%80%89%E9%A2%98&kl=cn-zh
[2026-07-06T04:14:21.530369+00:00] WEB_SEARCH engine=DuckDuckGo Lite query='公众号 爆款 选题' url=https://lite.duckduckgo.com/lite/?q=%E5%85%AC%E4%BC%97%E5%8F%B7+%E7%88%86%E6%AC%BE+%E9%80%89%E9%A2%98&kl=cn-zh
[2026-07-06T04:14:21.530651+00:00] WEB_SEARCH engine=Bing query='公众号 爆款 选题' url=https://www.bing.com/search?q=%E5%85%AC%E4%BC%97%E5%8F%B7+%E7%88%86%E6%AC%BE+%E9%80%89%E9%A2%98&setlang=zh-CN
[2026-07-06T04:14:21.530941+00:00] WEB_SEARCH engine=Baidu query='公众号 爆款 选题' url=https://www.baidu.com/s?wd=%E5%85%AC%E4%BC%97%E5%8F%B7+%E7%88%86%E6%AC%BE+%E9%80%89%E9%A2%98
[2026-07-06T04:15:21.512586+00:00] WEB_SEARCH engine=Sogou Weixin query='公众号 爆款 选题' url=https://weixin.sogou.com/weixin?type=2&query=%E5%85%AC%E4%BC%97%E5%8F%B7+%E7%88%86%E6%AC%BE+%E9%80%89%E9%A2%98
[2026-07-06T06:58:45.222274+00:00] WEB_SEARCH engine=Sogou Weixin query='公众号 爆款 选题' url=https://weixin.sogou.com/weixin?type=2&query=%E5%85%AC%E4%BC%97%E5%8F%B7+%E7%88%86%E6%AC%BE+%E9%80%89%E9%A2%98
[2026-07-06T06:58:45.223182+00:00] WEB_SEARCH engine=DuckDuckGo HTML query='公众号 爆款 选题' url=https://html.duckduckgo.com/html/?q=%E5%85%AC%E4%BC%97%E5%8F%B7+%E7%88%86%E6%AC%BE+%E9%80%89%E9%A2%98&kl=cn-zh
[2026-07-06T06:58:45.223919+00:00] WEB_SEARCH engine=DuckDuckGo Lite query='公众号 爆款 选题' url=https://lite.duckduckgo.com/lite/?q=%E5%85%AC%E4%BC%97%E5%8F%B7+%E7%88%86%E6%AC%BE+%E9%80%89%E9%A2%98&kl=cn-zh
[2026-07-06T06:58:45.224434+00:00] WEB_SEARCH engine=Bing query='公众号 爆款 选题' url=https://www.bing.com/search?q=%E5%85%AC%E4%BC%97%E5%8F%B7+%E7%88%86%E6%AC%BE+%E9%80%89%E9%A2%98&setlang=zh-CN
[2026-07-06T06:58:45.224951+00:00] WEB_SEARCH engine=Baidu query='公众号 爆款 选题' url=https://www.baidu.com/s?wd=%E5%85%AC%E4%BC%97%E5%8F%B7+%E7%88%86%E6%AC%BE+%E9%80%89%E9%A2%98
[2026-07-06T07:00:00.630728+00:00] WEB_SEARCH engine=Sogou Weixin query='公众号 爆款 选题' url=https://weixin.sogou.com/weixin?type=2&query=%E5%85%AC%E4%BC%97%E5%8F%B7+%E7%88%86%E6%AC%BE+%E9%80%89%E9%A2%98
[2026-07-06T08:51:42.253084+00:00] WEB_SEARCH engine=Sogou Weixin query='公众号 爆款 选题' url=https://weixin.sogou.com/weixin?type=2&query=%E5%85%AC%E4%BC%97%E5%8F%B7+%E7%88%86%E6%AC%BE+%E9%80%89%E9%A2%98
[2026-07-06T08:51:42.256238+00:00] WEB_SEARCH engine=DuckDuckGo HTML query='公众号 爆款 选题' url=https://html.duckduckgo.com/html/?q=%E5%85%AC%E4%BC%97%E5%8F%B7+%E7%88%86%E6%AC%BE+%E9%80%89%E9%A2%98&kl=cn-zh
[2026-07-06T08:51:42.256615+00:00] WEB_SEARCH engine=DuckDuckGo Lite query='公众号 爆款 选题' url=https://lite.duckduckgo.com/lite/?q=%E5%85%AC%E4%BC%97%E5%8F%B7+%E7%88%86%E6%AC%BE+%E9%80%89%E9%A2%98&kl=cn-zh
[2026-07-06T08:51:42.256907+00:00] WEB_SEARCH engine=Bing query='公众号 爆款 选题' url=https://www.bing.com/search?q=%E5%85%AC%E4%BC%97%E5%8F%B7+%E7%88%86%E6%AC%BE+%E9%80%89%E9%A2%98&setlang=zh-CN
[2026-07-06T08:51:42.257181+00:00] WEB_SEARCH engine=Baidu query='公众号 爆款 选题' url=https://www.baidu.com/s?wd=%E5%85%AC%E4%BC%97%E5%8F%B7+%E7%88%86%E6%AC%BE+%E9%80%89%E9%A2%98
[2026-07-06T08:53:12.927239+00:00] WEB_SEARCH engine=Sogou Weixin query='公众号 爆款 选题' url=https://weixin.sogou.com/weixin?type=2&query=%E5%85%AC%E4%BC%97%E5%8F%B7+%E7%88%86%E6%AC%BE+%E9%80%89%E9%A2%98
[2026-07-06T08:53:12.928116+00:00] WEB_SEARCH engine=DuckDuckGo HTML query='公众号 爆款 选题' url=https://html.duckduckgo.com/html/?q=%E5%85%AC%E4%BC%97%E5%8F%B7+%E7%88%86%E6%AC%BE+%E9%80%89%E9%A2%98&kl=cn-zh
[2026-07-06T08:53:12.928651+00:00] WEB_SEARCH engine=DuckDuckGo Lite query='公众号 爆款 选题' url=https://lite.duckduckgo.com/lite/?q=%E5%85%AC%E4%BC%97%E5%8F%B7+%E7%88%86%E6%AC%BE+%E9%80%89%E9%A2%98&kl=cn-zh
[2026-07-06T08:53:12.928936+00:00] WEB_SEARCH engine=Bing query='公众号 爆款 选题' url=https://www.bing.com/search?q=%E5%85%AC%E4%BC%97%E5%8F%B7+%E7%88%86%E6%AC%BE+%E9%80%89%E9%A2%98&setlang=zh-CN
[2026-07-06T08:53:12.929222+00:00] WEB_SEARCH engine=Baidu query='公众号 爆款 选题' url=https://www.baidu.com/s?wd=%E5%85%AC%E4%BC%97%E5%8F%B7+%E7%88%86%E6%AC%BE+%E9%80%89%E9%A2%98
[2026-07-06T08:55:06.251282+00:00] WEB_SEARCH engine=Sogou Weixin query='公众号 爆款 选题' url=https://weixin.sogou.com/weixin?type=2&query=%E5%85%AC%E4%BC%97%E5%8F%B7+%E7%88%86%E6%AC%BE+%E9%80%89%E9%A2%98
[2026-07-06T08:55:06.251976+00:00] WEB_SEARCH engine=DuckDuckGo HTML query='公众号 爆款 选题' url=https://html.duckduckgo.com/html/?q=%E5%85%AC%E4%BC%97%E5%8F%B7+%E7%88%86%E6%AC%BE+%E9%80%89%E9%A2%98&kl=cn-zh
[2026-07-06T08:55:06.252396+00:00] WEB_SEARCH engine=DuckDuckGo Lite query='公众号 爆款 选题' url=https://lite.duckduckgo.com/lite/?q=%E5%85%AC%E4%BC%97%E5%8F%B7+%E7%88%86%E6%AC%BE+%E9%80%89%E9%A2%98&kl=cn-zh
[2026-07-06T08:55:06.252664+00:00] WEB_SEARCH engine=Bing query='公众号 爆款 选题' url=https://www.bing.com/search?q=%E5%85%AC%E4%BC%97%E5%8F%B7+%E7%88%86%E6%AC%BE+%E9%80%89%E9%A2%98&setlang=zh-CN
[2026-07-06T08:55:06.252950+00:00] WEB_SEARCH engine=Baidu query='公众号 爆款 选题' url=https://www.baidu.com/s?wd=%E5%85%AC%E4%BC%97%E5%8F%B7+%E7%88%86%E6%AC%BE+%E9%80%89%E9%A2%98
[2026-07-06T08:58:13.254866+00:00] WEB_SEARCH engine=Sogou Weixin query='公众号 爆款 选题' url=https://weixin.sogou.com/weixin?type=2&query=%E5%85%AC%E4%BC%97%E5%8F%B7+%E7%88%86%E6%AC%BE+%E9%80%89%E9%A2%98
[2026-07-06T08:58:13.255360+00:00] WEB_SEARCH engine=DuckDuckGo HTML query='公众号 爆款 选题' url=https://html.duckduckgo.com/html/?q=%E5%85%AC%E4%BC%97%E5%8F%B7+%E7%88%86%E6%AC%BE+%E9%80%89%E9%A2%98&kl=cn-zh
[2026-07-06T08:58:13.255852+00:00] WEB_SEARCH engine=DuckDuckGo Lite query='公众号 爆款 选题' url=https://lite.duckduckgo.com/lite/?q=%E5%85%AC%E4%BC%97%E5%8F%B7+%E7%88%86%E6%AC%BE+%E9%80%89%E9%A2%98&kl=cn-zh
[2026-07-06T08:58:13.256243+00:00] WEB_SEARCH engine=Bing query='公众号 爆款 选题' url=https://www.bing.com/search?q=%E5%85%AC%E4%BC%97%E5%8F%B7+%E7%88%86%E6%AC%BE+%E9%80%89%E9%A2%98&setlang=zh-CN
[2026-07-06T08:58:13.256592+00:00] WEB_SEARCH engine=Baidu query='公众号 爆款 选题' url=https://www.baidu.com/s?wd=%E5%85%AC%E4%BC%97%E5%8F%B7+%E7%88%86%E6%AC%BE+%E9%80%89%E9%A2%98
